[2025-10-25T20:52:39.5236595+03:00] [Bannerlord.ButterLib.ImplementationLoaderSubModule] [INF]: Loading implementations...
[2025-10-25T20:52:39.5866600+03:00] [Bannerlord.ButterLib.ImplementationLoaderSubModule] [INF]: Found implementation Bannerlord.ButterLib.Implementation.1.0.0.dll
[2025-10-25T20:52:39.6306595+03:00] [Bannerlord.ButterLib.ImplementationLoaderSubModule] [INF]: Found implementation Bannerlord.ButterLib.Implementation.1.0.1.dll
[2025-10-25T20:52:39.6306595+03:00] [Bannerlord.ButterLib.ImplementationLoaderSubModule] [INF]: Found implementation Bannerlord.ButterLib.Implementation.1.0.2.dll
[2025-10-25T20:52:39.6336604+03:00] [Bannerlord.ButterLib.ImplementationLoaderSubModule] [INF]: Found implementation Bannerlord.ButterLib.Implementation.1.0.3.dll
[2025-10-25T20:52:39.6346595+03:00] [Bannerlord.ButterLib.ImplementationLoaderSubModule] [INF]: Found implementation Bannerlord.ButterLib.Implementation.1.1.0.dll
[2025-10-25T20:52:39.6346595+03:00] [Bannerlord.ButterLib.ImplementationLoaderSubModule] [INF]: Found implementation Bannerlord.ButterLib.Implementation.1.1.1.dll
[2025-10-25T20:52:39.6346595+03:00] [Bannerlord.ButterLib.ImplementationLoaderSubModule] [INF]: Found implementation Bannerlord.ButterLib.Implementation.1.1.2.dll
[2025-10-25T20:52:39.6356594+03:00] [Bannerlord.ButterLib.ImplementationLoaderSubModule] [INF]: Found implementation Bannerlord.ButterLib.Implementation.1.1.3.dll
[2025-10-25T20:52:39.6356594+03:00] [Bannerlord.ButterLib.ImplementationLoaderSubModule] [INF]: Found implementation Bannerlord.ButterLib.Implementation.1.1.4.dll
[2025-10-25T20:52:39.6356594+03:00] [Bannerlord.ButterLib.ImplementationLoaderSubModule] [INF]: Found implementation Bannerlord.ButterLib.Implementation.1.1.5.dll
[2025-10-25T20:52:39.6356594+03:00] [Bannerlord.ButterLib.ImplementationLoaderSubModule] [INF]: Found implementation Bannerlord.ButterLib.Implementation.1.1.6.dll
[2025-10-25T20:52:39.6366594+03:00] [Bannerlord.ButterLib.ImplementationLoaderSubModule] [INF]: Found implementation Bannerlord.ButterLib.Implementation.1.2.10.dll
[2025-10-25T20:52:39.6366594+03:00] [Bannerlord.ButterLib.ImplementationLoaderSubModule] [INF]: Found implementation Bannerlord.ButterLib.Implementation.1.2.11.dll
[2025-10-25T20:52:39.6366594+03:00] [Bannerlord.ButterLib.ImplementationLoaderSubModule] [INF]: Found implementation Bannerlord.ButterLib.Implementation.1.2.12.dll
[2025-10-25T20:52:39.6376604+03:00] [Bannerlord.ButterLib.ImplementationLoaderSubModule] [INF]: Found implementation Bannerlord.ButterLib.Implementation.1.2.4.dll
[2025-10-25T20:52:39.6376604+03:00] [Bannerlord.ButterLib.ImplementationLoaderSubModule] [INF]: Found implementation Bannerlord.ButterLib.Implementation.1.2.5.dll
[2025-10-25T20:52:39.6376604+03:00] [Bannerlord.ButterLib.ImplementationLoaderSubModule] [INF]: Found implementation Bannerlord.ButterLib.Implementation.1.2.6.dll
[2025-10-25T20:52:39.6376604+03:00] [Bannerlord.ButterLib.ImplementationLoaderSubModule] [INF]: Found implementation Bannerlord.ButterLib.Implementation.1.2.7.dll
[2025-10-25T20:52:39.6386603+03:00] [Bannerlord.ButterLib.ImplementationLoaderSubModule] [INF]: Found implementation Bannerlord.ButterLib.Implementation.1.2.8.dll
[2025-10-25T20:52:39.6386603+03:00] [Bannerlord.ButterLib.ImplementationLoaderSubModule] [INF]: Found implementation Bannerlord.ButterLib.Implementation.1.2.9.dll
[2025-10-25T20:52:39.6396604+03:00] [Bannerlord.ButterLib.ImplementationLoaderSubModule] [INF]: Found implementation Bannerlord.ButterLib.Implementation.1.3.0.dll
[2025-10-25T20:52:39.6416604+03:00] [Bannerlord.ButterLib.ImplementationLoaderSubModule] [INF]: Found matching implementation. Loading it
[2025-10-25T20:52:39.6436604+03:00] [Bannerlord.ButterLib.ImplementationLoaderSubModule] [INF]: Implementation Bannerlord.ButterLib.Implementation.1.2.12.dll for game v1.2.12.0 is loaded
[2025-10-25T20:52:39.6556596+03:00] [Bannerlord.ButterLib.ImplementationLoaderSubModule] [INF]: Finished loading implementations
[2025-10-25T20:52:39.6586595+03:00] [Bannerlord.ButterLib.Implementation.SubModule] [INF]: Wrapping DebugManager of type TaleWorlds.MountAndBlade.MBDebugManager with DebugManagerWrapper
[2025-10-25T20:52:41.6092442+03:00] [Diplomacy.SubModule] [INF]: Loading Diplomacy v1.2.13...
[2025-10-25T20:54:23.4069185+03:00] [Bannerlord.ButterLib.ImplementationLoaderSubModule] [INF]: Loading implementations...
[2025-10-25T20:54:23.4659181+03:00] [Bannerlord.ButterLib.ImplementationLoaderSubModule] [INF]: Found implementation Bannerlord.ButterLib.Implementation.1.0.0.dll
[2025-10-25T20:54:23.5019184+03:00] [Bannerlord.ButterLib.ImplementationLoaderSubModule] [INF]: Found implementation Bannerlord.ButterLib.Implementation.1.0.1.dll
[2025-10-25T20:54:23.5029185+03:00] [Bannerlord.ButterLib.ImplementationLoaderSubModule] [INF]: Found implementation Bannerlord.ButterLib.Implementation.1.0.2.dll
[2025-10-25T20:54:23.5039189+03:00] [Bannerlord.ButterLib.ImplementationLoaderSubModule] [INF]: Found implementation Bannerlord.ButterLib.Implementation.1.0.3.dll
[2025-10-25T20:54:23.5039189+03:00] [Bannerlord.ButterLib.ImplementationLoaderSubModule] [INF]: Found implementation Bannerlord.ButterLib.Implementation.1.1.0.dll
[2025-10-25T20:54:23.5049184+03:00] [Bannerlord.ButterLib.ImplementationLoaderSubModule] [INF]: Found implementation Bannerlord.ButterLib.Implementation.1.1.1.dll
[2025-10-25T20:54:23.5049184+03:00] [Bannerlord.ButterLib.ImplementationLoaderSubModule] [INF]: Found implementation Bannerlord.ButterLib.Implementation.1.1.2.dll
[2025-10-25T20:54:23.5049184+03:00] [Bannerlord.ButterLib.ImplementationLoaderSubModule] [INF]: Found implementation Bannerlord.ButterLib.Implementation.1.1.3.dll
[2025-10-25T20:54:23.5059184+03:00] [Bannerlord.ButterLib.ImplementationLoaderSubModule] [INF]: Found implementation Bannerlord.ButterLib.Implementation.1.1.4.dll
[2025-10-25T20:54:23.5059184+03:00] [Bannerlord.ButterLib.ImplementationLoaderSubModule] [INF]: Found implementation Bannerlord.ButterLib.Implementation.1.1.5.dll
[2025-10-25T20:54:23.5059184+03:00] [Bannerlord.ButterLib.ImplementationLoaderSubModule] [INF]: Found implementation Bannerlord.ButterLib.Implementation.1.1.6.dll
[2025-10-25T20:54:23.5059184+03:00] [Bannerlord.ButterLib.ImplementationLoaderSubModule] [INF]: Found implementation Bannerlord.ButterLib.Implementation.1.2.10.dll
[2025-10-25T20:54:23.5069184+03:00] [Bannerlord.ButterLib.ImplementationLoaderSubModule] [INF]: Found implementation Bannerlord.ButterLib.Implementation.1.2.11.dll
[2025-10-25T20:54:23.5069184+03:00] [Bannerlord.ButterLib.ImplementationLoaderSubModule] [INF]: Found implementation Bannerlord.ButterLib.Implementation.1.2.12.dll
[2025-10-25T20:54:23.5069184+03:00] [Bannerlord.ButterLib.ImplementationLoaderSubModule] [INF]: Found implementation Bannerlord.ButterLib.Implementation.1.2.4.dll
[2025-10-25T20:54:23.5079204+03:00] [Bannerlord.ButterLib.ImplementationLoaderSubModule] [INF]: Found implementation Bannerlord.ButterLib.Implementation.1.2.5.dll
[2025-10-25T20:54:23.5079204+03:00] [Bannerlord.ButterLib.ImplementationLoaderSubModule] [INF]: Found implementation Bannerlord.ButterLib.Implementation.1.2.6.dll
[2025-10-25T20:54:23.5079204+03:00] [Bannerlord.ButterLib.ImplementationLoaderSubModule] [INF]: Found implementation Bannerlord.ButterLib.Implementation.1.2.7.dll
[2025-10-25T20:54:23.5079204+03:00] [Bannerlord.ButterLib.ImplementationLoaderSubModule] [INF]: Found implementation Bannerlord.ButterLib.Implementation.1.2.8.dll
[2025-10-25T20:54:23.5089201+03:00] [Bannerlord.ButterLib.ImplementationLoaderSubModule] [INF]: Found implementation Bannerlord.ButterLib.Implementation.1.2.9.dll
[2025-10-25T20:54:23.5089201+03:00] [Bannerlord.ButterLib.ImplementationLoaderSubModule] [INF]: Found implementation Bannerlord.ButterLib.Implementation.1.3.0.dll
[2025-10-25T20:54:23.5109193+03:00] [Bannerlord.ButterLib.ImplementationLoaderSubModule] [INF]: Found matching implementation. Loading it
[2025-10-25T20:54:23.5129186+03:00] [Bannerlord.ButterLib.ImplementationLoaderSubModule] [INF]: Implementation Bannerlord.ButterLib.Implementation.1.2.12.dll for game v1.2.12.0 is loaded
[2025-10-25T20:54:23.5239184+03:00] [Bannerlord.ButterLib.ImplementationLoaderSubModule] [INF]: Finished loading implementations
[2025-10-25T20:54:23.5269184+03:00] [Bannerlord.ButterLib.Implementation.SubModule] [INF]: Wrapping DebugManager of type TaleWorlds.MountAndBlade.MBDebugManager with DebugManagerWrapper
[2025-10-25T20:54:25.1759188+03:00] [Diplomacy.SubModule] [INF]: Loading Diplomacy v1.2.13...
[2025-10-25T20:54:41.2311907+03:00] [System.Diagnostics.Logger.LoggerTraceListener] [ERR]: AccessTools2.Method: Could not find method for type 'TaleWorlds.MountAndBlade.MBSubModuleBase' and name 'OnServiceRegistration' and parameters ''
[2025-10-25T20:54:41.2371825+03:00] [System.Diagnostics.Logger.LoggerTraceListener] [ERR]: HarmonyExtensions.TryPatch: 'original' or all methods are null
[2025-10-25T20:54:41.2371825+03:00] [System.Diagnostics.Logger.LoggerTraceListener] [INF]: Loading implementations...
[2025-10-25T20:54:41.2371825+03:00] [System.Diagnostics.Logger.LoggerTraceListener] [INF]: Found implementation Bannerlord.Diplomacy.1.0.0.dll.
[2025-10-25T20:54:41.2371825+03:00] [System.Diagnostics.Logger.LoggerTraceListener] [INF]: Found implementation Bannerlord.Diplomacy.1.0.1.dll.
[2025-10-25T20:54:41.2371825+03:00] [System.Diagnostics.Logger.LoggerTraceListener] [INF]: Found implementation Bannerlord.Diplomacy.1.0.2.dll.
[2025-10-25T20:54:41.2371825+03:00] [System.Diagnostics.Logger.LoggerTraceListener] [INF]: Found implementation Bannerlord.Diplomacy.1.0.3.dll.
[2025-10-25T20:54:41.2371825+03:00] [System.Diagnostics.Logger.LoggerTraceListener] [INF]: Found implementation Bannerlord.Diplomacy.1.1.0.dll.
[2025-10-25T20:54:41.2371825+03:00] [System.Diagnostics.Logger.LoggerTraceListener] [INF]: Found implementation Bannerlord.Diplomacy.1.1.1.dll.
[2025-10-25T20:54:41.2371825+03:00] [System.Diagnostics.Logger.LoggerTraceListener] [INF]: Found implementation Bannerlord.Diplomacy.1.1.2.dll.
[2025-10-25T20:54:41.2371825+03:00] [System.Diagnostics.Logger.LoggerTraceListener] [INF]: Found implementation Bannerlord.Diplomacy.1.1.3.dll.
[2025-10-25T20:54:41.2371825+03:00] [System.Diagnostics.Logger.LoggerTraceListener] [INF]: Found implementation Bannerlord.Diplomacy.1.1.4.dll.
[2025-10-25T20:54:41.2371825+03:00] [System.Diagnostics.Logger.LoggerTraceListener] [INF]: Found implementation Bannerlord.Diplomacy.1.1.5.dll.
[2025-10-25T20:54:41.2371825+03:00] [System.Diagnostics.Logger.LoggerTraceListener] [INF]: Found implementation Bannerlord.Diplomacy.1.1.6.dll.
[2025-10-25T20:54:41.2371825+03:00] [System.Diagnostics.Logger.LoggerTraceListener] [INF]: Found implementation Bannerlord.Diplomacy.1.2.0.dll.
[2025-10-25T20:54:41.2371825+03:00] [System.Diagnostics.Logger.LoggerTraceListener] [INF]: Found implementation Bannerlord.Diplomacy.1.2.1.dll.
[2025-10-25T20:54:41.2371825+03:00] [System.Diagnostics.Logger.LoggerTraceListener] [INF]: Found implementation Bannerlord.Diplomacy.1.2.10.dll.
[2025-10-25T20:54:41.2382017+03:00] [System.Diagnostics.Logger.LoggerTraceListener] [INF]: Found implementation Bannerlord.Diplomacy.1.2.2.dll.
[2025-10-25T20:54:41.2382017+03:00] [System.Diagnostics.Logger.LoggerTraceListener] [INF]: Found implementation Bannerlord.Diplomacy.1.2.3.dll.
[2025-10-25T20:54:41.2382017+03:00] [System.Diagnostics.Logger.LoggerTraceListener] [INF]: Found implementation Bannerlord.Diplomacy.1.2.4.dll.
[2025-10-25T20:54:41.2382017+03:00] [System.Diagnostics.Logger.LoggerTraceListener] [INF]: Found implementation Bannerlord.Diplomacy.1.2.5.dll.
[2025-10-25T20:54:41.2382017+03:00] [System.Diagnostics.Logger.LoggerTraceListener] [INF]: Found implementation Bannerlord.Diplomacy.1.2.6.dll.
[2025-10-25T20:54:41.2382017+03:00] [System.Diagnostics.Logger.LoggerTraceListener] [INF]: Found implementation Bannerlord.Diplomacy.1.2.7.dll.
[2025-10-25T20:54:41.2382017+03:00] [System.Diagnostics.Logger.LoggerTraceListener] [INF]: Found implementation Bannerlord.Diplomacy.1.2.8.dll.
[2025-10-25T20:54:41.2382017+03:00] [System.Diagnostics.Logger.LoggerTraceListener] [INF]: Found implementation Bannerlord.Diplomacy.1.2.9.dll.
[2025-10-25T20:54:41.2382017+03:00] [System.Diagnostics.Logger.LoggerTraceListener] [INF]: Found no matching implementations. Loading the latest available.
[2025-10-25T20:54:41.2382017+03:00] [System.Diagnostics.Logger.LoggerTraceListener] [INF]: Implementation Bannerlord.Diplomacy.1.2.10.dll for game v1.2.10.0 is loaded.
[2025-10-25T20:54:41.2382017+03:00] [System.Diagnostics.Logger.LoggerTraceListener] [ERR]: AccessTools2.GetDelegate<Bannerlord.ModuleLoader.LoaderHelper+ConstructorDelegate>: Error while compiling lambds expression 'System.InvalidOperationException: Instances of abstract classes cannot be created.
[2025-10-25T20:54:41.2382017+03:00] [System.Diagnostics.Logger.LoggerTraceListener] [INF]:    at System.Runtime.CompilerServices.RuntimeHelpers._CompileMethod(IRuntimeMethodInfo method)
[2025-10-25T20:54:41.2382017+03:00] [System.Diagnostics.Logger.LoggerTraceListener] [INF]:    at System.Reflection.Emit.DynamicMethod.CreateDelegate(Type delegateType, Object target)
[2025-10-25T20:54:41.2382017+03:00] [System.Diagnostics.Logger.LoggerTraceListener] [INF]:    at System.Linq.Expressions.Compiler.LambdaCompiler.Compile(LambdaExpression lambda, DebugInfoGenerator debugInfoGenerator)
[2025-10-25T20:54:41.2382017+03:00] [System.Diagnostics.Logger.LoggerTraceListener] [INF]:    at System.Linq.Expressions.Expression`1.Compile()
[2025-10-25T20:54:41.2382017+03:00] [System.Diagnostics.Logger.LoggerTraceListener] [INF]:    at HarmonyLib.BUTR.Extensions.AccessTools2.GetDelegate[TDelegate](ConstructorInfo constructorInfo)'
[2025-10-25T20:54:41.2382017+03:00] [System.Diagnostics.Logger.LoggerTraceListener] [ERR]: SubModule Bannerlord.BUTR.Shared.Utils.MBSubModuleBaseSimpleWrapper's default constructor could not be converted to a delegate!
[2025-10-25T20:54:41.2382017+03:00] [System.Diagnostics.Logger.LoggerTraceListener] [INF]: Finished loading implementations.
[2025-10-25T20:54:41.2382017+03:00] [System.Diagnostics.Logger.LoggerTraceListener] [ERR]: AccessTools2.Method: Could not find method for type 'Diplomacy.SubModule' and name 'OnServiceRegistration' and parameters ''
[2025-10-25T20:54:41.2382017+03:00] [System.Diagnostics.Logger.LoggerTraceListener] [INF]: Diplomacy - Register: Bannerlord.Diplomacy.1.2.10, Version=1.2.13.0, Culture=neutral, PublicKeyToken=null
[2025-10-25T20:54:41.2382017+03:00] [System.Diagnostics.Logger.LoggerTraceListener] [INF]: Diplomacy - Register Types
[2025-10-25T20:54:41.2382017+03:00] [System.Diagnostics.Logger.LoggerTraceListener] [INF]: Diplomacy - Enabled
[2025-10-25T20:54:41.3941386+03:00] [System.Diagnostics.Logger.LoggerTraceListener] [ERR]: 
[2025-10-25T20:54:41.3941386+03:00] [System.Diagnostics.Logger.LoggerTraceListener] [INF]: AccessTools2.Method: Could not find method for type 'TaleWorlds.CampaignSystem.CampaignBehaviors.CampaignBehaviorManager' and name 'OnGameLoaded' and parameters ''
[2025-10-25T20:54:41.6101097+03:00] [MCM.Implementation.DefaultSettingsProvider] [INF]: Found Global container MCM.Implementation.Global.FluentGlobalSettingsContainer (0)
[2025-10-25T20:54:41.6111155+03:00] [MCM.Implementation.DefaultSettingsProvider] [INF]: Found Global container MCM.Implementation.Global.ExternalGlobalSettingsContainer (0)
[2025-10-25T20:54:41.6170696+03:00] [MCM.Implementation.DefaultSettingsProvider] [INF]: Found Global container MCM.Implementation.Global.GlobalSettingsContainer (3)
[2025-10-25T20:54:41.6180697+03:00] [MCM.Implementation.DefaultSettingsProvider] [INF]: Found Global container MCM.UI.ButterLib.ButterLibSettingsContainer (1)
[2025-10-25T20:54:41.6180697+03:00] [MCM.Implementation.DefaultSettingsProvider] [INF]: Found PerSave container MCM.Implementation.PerSave.FluentPerSaveSettingsContainer (0)
[2025-10-25T20:54:41.6190696+03:00] [MCM.Implementation.DefaultSettingsProvider] [INF]: Found PerSave container MCM.Implementation.PerSave.PerSaveSettingsContainer (0)
[2025-10-25T20:54:41.6190696+03:00] [MCM.Implementation.DefaultSettingsProvider] [INF]: Found Campaign container MCM.Implementation.PerCampaign.FluentPerCampaignSettingsContainer (0)
[2025-10-25T20:54:41.6190696+03:00] [MCM.Implementation.DefaultSettingsProvider] [INF]: Found Campaign container MCM.Implementation.PerCampaign.PerCampaignSettingsContainer (0)
[2025-10-25T20:54:41.6200695+03:00] [MCM.Implementation.DefaultSettingsProvider] [INF]: Found external provider MCM.UI.Adapter.MCMv5.Providers.MCMv5ExternalSettingsProvider (0)
[2025-10-25T20:54:41.6200695+03:00] [System.Diagnostics.Logger.LoggerTraceListener] [INF]: 
[2025-10-25T20:54:41.6200695+03:00] [System.Diagnostics.Logger.LoggerTraceListener] [INF]: MCM.UI - Register: MCMv5.UI, Version=5.10.1.0, Culture=neutral, PublicKeyToken=null
[2025-10-25T20:54:41.6200695+03:00] [System.Diagnostics.Logger.LoggerTraceListener] [INF]: 
[2025-10-25T20:54:41.6200695+03:00] [System.Diagnostics.Logger.LoggerTraceListener] [INF]: MCM.UI - Register Types
[2025-10-25T20:54:41.6300712+03:00] [System.Diagnostics.Logger.LoggerTraceListener] [INF]: 
[2025-10-25T20:54:41.6300712+03:00] [System.Diagnostics.Logger.LoggerTraceListener] [INF]: MCM.UI - Enabled
[2025-10-25T20:54:41.8221106+03:00] [Diplomacy.SubModule] [INF]: Loaded Diplomacy v1.2.13!
[2025-10-25T20:55:06.0419300+03:00] [Bannerlord.ButterLib.ButterLibSubModule] [INF]: Created GameScope
[2025-10-25T21:09:31.1491858+03:00] [Bannerlord.ButterLib.ButterLibSubModule] [INF]: Created GameScope
[2025-10-25T21:10:09.5142089+03:00] [Diplomacy.SubModule] [INF]: Unloaded Diplomacy v1.2.13!
[2025-10-25T21:10:51.6843388+03:00] [Bannerlord.ButterLib.ImplementationLoaderSubModule] [INF]: Loading implementations...
[2025-10-25T21:10:51.7443394+03:00] [Bannerlord.ButterLib.ImplementationLoaderSubModule] [INF]: Found implementation Bannerlord.ButterLib.Implementation.1.0.0.dll
[2025-10-25T21:10:51.7873381+03:00] [Bannerlord.ButterLib.ImplementationLoaderSubModule] [INF]: Found implementation Bannerlord.ButterLib.Implementation.1.0.1.dll
[2025-10-25T21:10:51.7883391+03:00] [Bannerlord.ButterLib.ImplementationLoaderSubModule] [INF]: Found implementation Bannerlord.ButterLib.Implementation.1.0.2.dll
[2025-10-25T21:10:51.7883391+03:00] [Bannerlord.ButterLib.ImplementationLoaderSubModule] [INF]: Found implementation Bannerlord.ButterLib.Implementation.1.0.3.dll
[2025-10-25T21:10:51.7893384+03:00] [Bannerlord.ButterLib.ImplementationLoaderSubModule] [INF]: Found implementation Bannerlord.ButterLib.Implementation.1.1.0.dll
[2025-10-25T21:10:51.7903386+03:00] [Bannerlord.ButterLib.ImplementationLoaderSubModule] [INF]: Found implementation Bannerlord.ButterLib.Implementation.1.1.1.dll
[2025-10-25T21:10:51.7903386+03:00] [Bannerlord.ButterLib.ImplementationLoaderSubModule] [INF]: Found implementation Bannerlord.ButterLib.Implementation.1.1.2.dll
[2025-10-25T21:10:51.7903386+03:00] [Bannerlord.ButterLib.ImplementationLoaderSubModule] [INF]: Found implementation Bannerlord.ButterLib.Implementation.1.1.3.dll
[2025-10-25T21:10:51.7913382+03:00] [Bannerlord.ButterLib.ImplementationLoaderSubModule] [INF]: Found implementation Bannerlord.ButterLib.Implementation.1.1.4.dll
[2025-10-25T21:10:51.7913382+03:00] [Bannerlord.ButterLib.ImplementationLoaderSubModule] [INF]: Found implementation Bannerlord.ButterLib.Implementation.1.1.5.dll
[2025-10-25T21:10:51.7913382+03:00] [Bannerlord.ButterLib.ImplementationLoaderSubModule] [INF]: Found implementation Bannerlord.ButterLib.Implementation.1.1.6.dll
[2025-10-25T21:10:51.7923378+03:00] [Bannerlord.ButterLib.ImplementationLoaderSubModule] [INF]: Found implementation Bannerlord.ButterLib.Implementation.1.2.10.dll
[2025-10-25T21:10:51.7923378+03:00] [Bannerlord.ButterLib.ImplementationLoaderSubModule] [INF]: Found implementation Bannerlord.ButterLib.Implementation.1.2.11.dll
[2025-10-25T21:10:51.7923378+03:00] [Bannerlord.ButterLib.ImplementationLoaderSubModule] [INF]: Found implementation Bannerlord.ButterLib.Implementation.1.2.12.dll
[2025-10-25T21:10:51.7923378+03:00] [Bannerlord.ButterLib.ImplementationLoaderSubModule] [INF]: Found implementation Bannerlord.ButterLib.Implementation.1.2.4.dll
[2025-10-25T21:10:51.7933378+03:00] [Bannerlord.ButterLib.ImplementationLoaderSubModule] [INF]: Found implementation Bannerlord.ButterLib.Implementation.1.2.5.dll
[2025-10-25T21:10:51.7933378+03:00] [Bannerlord.ButterLib.ImplementationLoaderSubModule] [INF]: Found implementation Bannerlord.ButterLib.Implementation.1.2.6.dll
[2025-10-25T21:10:51.7933378+03:00] [Bannerlord.ButterLib.ImplementationLoaderSubModule] [INF]: Found implementation Bannerlord.ButterLib.Implementation.1.2.7.dll
[2025-10-25T21:10:51.7943388+03:00] [Bannerlord.ButterLib.ImplementationLoaderSubModule] [INF]: Found implementation Bannerlord.ButterLib.Implementation.1.2.8.dll
[2025-10-25T21:10:51.7943388+03:00] [Bannerlord.ButterLib.ImplementationLoaderSubModule] [INF]: Found implementation Bannerlord.ButterLib.Implementation.1.2.9.dll
[2025-10-25T21:10:51.7943388+03:00] [Bannerlord.ButterLib.ImplementationLoaderSubModule] [INF]: Found implementation Bannerlord.ButterLib.Implementation.1.3.0.dll
[2025-10-25T21:10:51.7963393+03:00] [Bannerlord.ButterLib.ImplementationLoaderSubModule] [INF]: Found matching implementation. Loading it
[2025-10-25T21:10:51.7983388+03:00] [Bannerlord.ButterLib.ImplementationLoaderSubModule] [INF]: Implementation Bannerlord.ButterLib.Implementation.1.2.12.dll for game v1.2.12.0 is loaded
[2025-10-25T21:10:51.8103390+03:00] [Bannerlord.ButterLib.ImplementationLoaderSubModule] [INF]: Finished loading implementations
[2025-10-25T21:10:51.8123392+03:00] [Bannerlord.ButterLib.Implementation.SubModule] [INF]: Wrapping DebugManager of type TaleWorlds.MountAndBlade.MBDebugManager with DebugManagerWrapper
[2025-10-25T21:10:53.4522374+03:00] [Diplomacy.SubModule] [INF]: Loading Diplomacy v1.2.13...
[2025-10-25T21:11:10.3445925+03:00] [System.Diagnostics.Logger.LoggerTraceListener] [ERR]: AccessTools2.Method: Could not find method for type 'TaleWorlds.MountAndBlade.MBSubModuleBase' and name 'OnServiceRegistration' and parameters ''
[2025-10-25T21:11:10.3485920+03:00] [System.Diagnostics.Logger.LoggerTraceListener] [ERR]: HarmonyExtensions.TryPatch: 'original' or all methods are null
[2025-10-25T21:11:10.3485920+03:00] [System.Diagnostics.Logger.LoggerTraceListener] [INF]: Loading implementations...
[2025-10-25T21:11:10.3485920+03:00] [System.Diagnostics.Logger.LoggerTraceListener] [INF]: Found implementation Bannerlord.Diplomacy.1.0.0.dll.
[2025-10-25T21:11:10.3485920+03:00] [System.Diagnostics.Logger.LoggerTraceListener] [INF]: Found implementation Bannerlord.Diplomacy.1.0.1.dll.
[2025-10-25T21:11:10.3485920+03:00] [System.Diagnostics.Logger.LoggerTraceListener] [INF]: Found implementation Bannerlord.Diplomacy.1.0.2.dll.
[2025-10-25T21:11:10.3485920+03:00] [System.Diagnostics.Logger.LoggerTraceListener] [INF]: Found implementation Bannerlord.Diplomacy.1.0.3.dll.
[2025-10-25T21:11:10.3485920+03:00] [System.Diagnostics.Logger.LoggerTraceListener] [INF]: Found implementation Bannerlord.Diplomacy.1.1.0.dll.
[2025-10-25T21:11:10.3485920+03:00] [System.Diagnostics.Logger.LoggerTraceListener] [INF]: Found implementation Bannerlord.Diplomacy.1.1.1.dll.
[2025-10-25T21:11:10.3485920+03:00] [System.Diagnostics.Logger.LoggerTraceListener] [INF]: Found implementation Bannerlord.Diplomacy.1.1.2.dll.
[2025-10-25T21:11:10.3485920+03:00] [System.Diagnostics.Logger.LoggerTraceListener] [INF]: Found implementation Bannerlord.Diplomacy.1.1.3.dll.
[2025-10-25T21:11:10.3485920+03:00] [System.Diagnostics.Logger.LoggerTraceListener] [INF]: Found implementation Bannerlord.Diplomacy.1.1.4.dll.
[2025-10-25T21:11:10.3485920+03:00] [System.Diagnostics.Logger.LoggerTraceListener] [INF]: Found implementation Bannerlord.Diplomacy.1.1.5.dll.
[2025-10-25T21:11:10.3485920+03:00] [System.Diagnostics.Logger.LoggerTraceListener] [INF]: Found implementation Bannerlord.Diplomacy.1.1.6.dll.
[2025-10-25T21:11:10.3485920+03:00] [System.Diagnostics.Logger.LoggerTraceListener] [INF]: Found implementation Bannerlord.Diplomacy.1.2.0.dll.
[2025-10-25T21:11:10.3485920+03:00] [System.Diagnostics.Logger.LoggerTraceListener] [INF]: Found implementation Bannerlord.Diplomacy.1.2.1.dll.
[2025-10-25T21:11:10.3485920+03:00] [System.Diagnostics.Logger.LoggerTraceListener] [INF]: Found implementation Bannerlord.Diplomacy.1.2.10.dll.
[2025-10-25T21:11:10.3495905+03:00] [System.Diagnostics.Logger.LoggerTraceListener] [INF]: Found implementation Bannerlord.Diplomacy.1.2.2.dll.
[2025-10-25T21:11:10.3495905+03:00] [System.Diagnostics.Logger.LoggerTraceListener] [INF]: Found implementation Bannerlord.Diplomacy.1.2.3.dll.
[2025-10-25T21:11:10.3495905+03:00] [System.Diagnostics.Logger.LoggerTraceListener] [INF]: Found implementation Bannerlord.Diplomacy.1.2.4.dll.
[2025-10-25T21:11:10.3495905+03:00] [System.Diagnostics.Logger.LoggerTraceListener] [INF]: Found implementation Bannerlord.Diplomacy.1.2.5.dll.
[2025-10-25T21:11:10.3495905+03:00] [System.Diagnostics.Logger.LoggerTraceListener] [INF]: Found implementation Bannerlord.Diplomacy.1.2.6.dll.
[2025-10-25T21:11:10.3495905+03:00] [System.Diagnostics.Logger.LoggerTraceListener] [INF]: Found implementation Bannerlord.Diplomacy.1.2.7.dll.
[2025-10-25T21:11:10.3495905+03:00] [System.Diagnostics.Logger.LoggerTraceListener] [INF]: Found implementation Bannerlord.Diplomacy.1.2.8.dll.
[2025-10-25T21:11:10.3495905+03:00] [System.Diagnostics.Logger.LoggerTraceListener] [INF]: Found implementation Bannerlord.Diplomacy.1.2.9.dll.
[2025-10-25T21:11:10.3495905+03:00] [System.Diagnostics.Logger.LoggerTraceListener] [INF]: Found no matching implementations. Loading the latest available.
[2025-10-25T21:11:10.3495905+03:00] [System.Diagnostics.Logger.LoggerTraceListener] [INF]: Implementation Bannerlord.Diplomacy.1.2.10.dll for game v1.2.10.0 is loaded.
[2025-10-25T21:11:10.3495905+03:00] [System.Diagnostics.Logger.LoggerTraceListener] [ERR]: AccessTools2.GetDelegate<Bannerlord.ModuleLoader.LoaderHelper+ConstructorDelegate>: Error while compiling lambds expression 'System.InvalidOperationException: Instances of abstract classes cannot be created.
[2025-10-25T21:11:10.3495905+03:00] [System.Diagnostics.Logger.LoggerTraceListener] [INF]:    at System.Runtime.CompilerServices.RuntimeHelpers._CompileMethod(IRuntimeMethodInfo method)
[2025-10-25T21:11:10.3495905+03:00] [System.Diagnostics.Logger.LoggerTraceListener] [INF]:    at System.Reflection.Emit.DynamicMethod.CreateDelegate(Type delegateType, Object target)
[2025-10-25T21:11:10.3495905+03:00] [System.Diagnostics.Logger.LoggerTraceListener] [INF]:    at System.Linq.Expressions.Compiler.LambdaCompiler.Compile(LambdaExpression lambda, DebugInfoGenerator debugInfoGenerator)
[2025-10-25T21:11:10.3495905+03:00] [System.Diagnostics.Logger.LoggerTraceListener] [INF]:    at System.Linq.Expressions.Expression`1.Compile()
[2025-10-25T21:11:10.3495905+03:00] [System.Diagnostics.Logger.LoggerTraceListener] [INF]:    at HarmonyLib.BUTR.Extensions.AccessTools2.GetDelegate[TDelegate](ConstructorInfo constructorInfo)'
[2025-10-25T21:11:10.3495905+03:00] [System.Diagnostics.Logger.LoggerTraceListener] [ERR]: SubModule Bannerlord.BUTR.Shared.Utils.MBSubModuleBaseSimpleWrapper's default constructor could not be converted to a delegate!
[2025-10-25T21:11:10.3495905+03:00] [System.Diagnostics.Logger.LoggerTraceListener] [INF]: Finished loading implementations.
[2025-10-25T21:11:10.3495905+03:00] [System.Diagnostics.Logger.LoggerTraceListener] [ERR]: AccessTools2.Method: Could not find method for type 'Diplomacy.SubModule' and name 'OnServiceRegistration' and parameters ''
[2025-10-25T21:11:10.3495905+03:00] [System.Diagnostics.Logger.LoggerTraceListener] [INF]: Diplomacy - Register: Bannerlord.Diplomacy.1.2.10, Version=1.2.13.0, Culture=neutral, PublicKeyToken=null
[2025-10-25T21:11:10.3495905+03:00] [System.Diagnostics.Logger.LoggerTraceListener] [INF]: Diplomacy - Register Types
[2025-10-25T21:11:10.3495905+03:00] [System.Diagnostics.Logger.LoggerTraceListener] [INF]: Diplomacy - Enabled
[2025-10-25T21:11:10.4415910+03:00] [System.Diagnostics.Logger.LoggerTraceListener] [ERR]: 
[2025-10-25T21:11:10.4415910+03:00] [System.Diagnostics.Logger.LoggerTraceListener] [INF]: AccessTools2.Method: Could not find method for type 'TaleWorlds.CampaignSystem.CampaignBehaviors.CampaignBehaviorManager' and name 'OnGameLoaded' and parameters ''
[2025-10-25T21:11:10.6315912+03:00] [MCM.Implementation.DefaultSettingsProvider] [INF]: Found Global container MCM.Implementation.Global.FluentGlobalSettingsContainer (0)
[2025-10-25T21:11:10.6315912+03:00] [MCM.Implementation.DefaultSettingsProvider] [INF]: Found Global container MCM.Implementation.Global.ExternalGlobalSettingsContainer (0)
[2025-10-25T21:11:10.6405903+03:00] [MCM.Implementation.DefaultSettingsProvider] [INF]: Found Global container MCM.Implementation.Global.GlobalSettingsContainer (3)
[2025-10-25T21:11:10.6405903+03:00] [MCM.Implementation.DefaultSettingsProvider] [INF]: Found Global container MCM.UI.ButterLib.ButterLibSettingsContainer (1)
[2025-10-25T21:11:10.6415906+03:00] [MCM.Implementation.DefaultSettingsProvider] [INF]: Found PerSave container MCM.Implementation.PerSave.FluentPerSaveSettingsContainer (0)
[2025-10-25T21:11:10.6415906+03:00] [MCM.Implementation.DefaultSettingsProvider] [INF]: Found PerSave container MCM.Implementation.PerSave.PerSaveSettingsContainer (0)
[2025-10-25T21:11:10.6415906+03:00] [MCM.Implementation.DefaultSettingsProvider] [INF]: Found Campaign container MCM.Implementation.PerCampaign.FluentPerCampaignSettingsContainer (0)
[2025-10-25T21:11:10.6425903+03:00] [MCM.Implementation.DefaultSettingsProvider] [INF]: Found Campaign container MCM.Implementation.PerCampaign.PerCampaignSettingsContainer (0)
[2025-10-25T21:11:10.6425903+03:00] [MCM.Implementation.DefaultSettingsProvider] [INF]: Found external provider MCM.UI.Adapter.MCMv5.Providers.MCMv5ExternalSettingsProvider (0)
[2025-10-25T21:11:10.6435905+03:00] [System.Diagnostics.Logger.LoggerTraceListener] [INF]: 
[2025-10-25T21:11:10.6435905+03:00] [System.Diagnostics.Logger.LoggerTraceListener] [INF]: MCM.UI - Register: MCMv5.UI, Version=5.10.1.0, Culture=neutral, PublicKeyToken=null
[2025-10-25T21:11:10.6435905+03:00] [System.Diagnostics.Logger.LoggerTraceListener] [INF]: 
[2025-10-25T21:11:10.6435905+03:00] [System.Diagnostics.Logger.LoggerTraceListener] [INF]: MCM.UI - Register Types
[2025-10-25T21:11:10.6525905+03:00] [System.Diagnostics.Logger.LoggerTraceListener] [INF]: 
[2025-10-25T21:11:10.6525905+03:00] [System.Diagnostics.Logger.LoggerTraceListener] [INF]: MCM.UI - Enabled
[2025-10-25T21:11:10.8226905+03:00] [Diplomacy.SubModule] [INF]: Loaded Diplomacy v1.2.13!
[2025-10-25T21:11:23.7098441+03:00] [Bannerlord.ButterLib.ButterLibSubModule] [INF]: Created GameScope
[2025-10-25T21:11:50.7316284+03:00] [Diplomacy.SubModule] [INF]: Unloaded Diplomacy v1.2.13!
[2025-10-25T21:12:21.5789511+03:00] [Bannerlord.ButterLib.ImplementationLoaderSubModule] [INF]: Loading implementations...
[2025-10-25T21:12:21.6129522+03:00] [Bannerlord.ButterLib.ImplementationLoaderSubModule] [INF]: Found implementation Bannerlord.ButterLib.Implementation.1.0.0.dll
[2025-10-25T21:12:21.6549516+03:00] [Bannerlord.ButterLib.ImplementationLoaderSubModule] [INF]: Found implementation Bannerlord.ButterLib.Implementation.1.0.1.dll
[2025-10-25T21:12:21.6559518+03:00] [Bannerlord.ButterLib.ImplementationLoaderSubModule] [INF]: Found implementation Bannerlord.ButterLib.Implementation.1.0.2.dll
[2025-10-25T21:12:21.6569518+03:00] [Bannerlord.ButterLib.ImplementationLoaderSubModule] [INF]: Found implementation Bannerlord.ButterLib.Implementation.1.0.3.dll
[2025-10-25T21:12:21.6569518+03:00] [Bannerlord.ButterLib.ImplementationLoaderSubModule] [INF]: Found implementation Bannerlord.ButterLib.Implementation.1.1.0.dll
[2025-10-25T21:12:21.6579511+03:00] [Bannerlord.ButterLib.ImplementationLoaderSubModule] [INF]: Found implementation Bannerlord.ButterLib.Implementation.1.1.1.dll
[2025-10-25T21:12:21.6579511+03:00] [Bannerlord.ButterLib.ImplementationLoaderSubModule] [INF]: Found implementation Bannerlord.ButterLib.Implementation.1.1.2.dll
[2025-10-25T21:12:21.6579511+03:00] [Bannerlord.ButterLib.ImplementationLoaderSubModule] [INF]: Found implementation Bannerlord.ButterLib.Implementation.1.1.3.dll
[2025-10-25T21:12:21.6589511+03:00] [Bannerlord.ButterLib.ImplementationLoaderSubModule] [INF]: Found implementation Bannerlord.ButterLib.Implementation.1.1.4.dll
[2025-10-25T21:12:21.6589511+03:00] [Bannerlord.ButterLib.ImplementationLoaderSubModule] [INF]: Found implementation Bannerlord.ButterLib.Implementation.1.1.5.dll
[2025-10-25T21:12:21.6589511+03:00] [Bannerlord.ButterLib.ImplementationLoaderSubModule] [INF]: Found implementation Bannerlord.ButterLib.Implementation.1.1.6.dll
[2025-10-25T21:12:21.6599511+03:00] [Bannerlord.ButterLib.ImplementationLoaderSubModule] [INF]: Found implementation Bannerlord.ButterLib.Implementation.1.2.10.dll
[2025-10-25T21:12:21.6599511+03:00] [Bannerlord.ButterLib.ImplementationLoaderSubModule] [INF]: Found implementation Bannerlord.ButterLib.Implementation.1.2.11.dll
[2025-10-25T21:12:21.6599511+03:00] [Bannerlord.ButterLib.ImplementationLoaderSubModule] [INF]: Found implementation Bannerlord.ButterLib.Implementation.1.2.12.dll
[2025-10-25T21:12:21.6609510+03:00] [Bannerlord.ButterLib.ImplementationLoaderSubModule] [INF]: Found implementation Bannerlord.ButterLib.Implementation.1.2.4.dll
[2025-10-25T21:12:21.6609510+03:00] [Bannerlord.ButterLib.ImplementationLoaderSubModule] [INF]: Found implementation Bannerlord.ButterLib.Implementation.1.2.5.dll
[2025-10-25T21:12:21.6609510+03:00] [Bannerlord.ButterLib.ImplementationLoaderSubModule] [INF]: Found implementation Bannerlord.ButterLib.Implementation.1.2.6.dll
[2025-10-25T21:12:21.6619510+03:00] [Bannerlord.ButterLib.ImplementationLoaderSubModule] [INF]: Found implementation Bannerlord.ButterLib.Implementation.1.2.7.dll
[2025-10-25T21:12:21.6619510+03:00] [Bannerlord.ButterLib.ImplementationLoaderSubModule] [INF]: Found implementation Bannerlord.ButterLib.Implementation.1.2.8.dll
[2025-10-25T21:12:21.6619510+03:00] [Bannerlord.ButterLib.ImplementationLoaderSubModule] [INF]: Found implementation Bannerlord.ButterLib.Implementation.1.2.9.dll
[2025-10-25T21:12:21.6629511+03:00] [Bannerlord.ButterLib.ImplementationLoaderSubModule] [INF]: Found implementation Bannerlord.ButterLib.Implementation.1.3.0.dll
[2025-10-25T21:12:21.6649513+03:00] [Bannerlord.ButterLib.ImplementationLoaderSubModule] [INF]: Found matching implementation. Loading it
[2025-10-25T21:12:21.6669513+03:00] [Bannerlord.ButterLib.ImplementationLoaderSubModule] [INF]: Implementation Bannerlord.ButterLib.Implementation.1.2.12.dll for game v1.2.12.0 is loaded
[2025-10-25T21:12:21.6799508+03:00] [Bannerlord.ButterLib.ImplementationLoaderSubModule] [INF]: Finished loading implementations
[2025-10-25T21:12:21.6829508+03:00] [Bannerlord.ButterLib.Implementation.SubModule] [INF]: Wrapping DebugManager of type TaleWorlds.MountAndBlade.MBDebugManager with DebugManagerWrapper
[2025-10-25T21:12:25.7643357+03:00] [System.Diagnostics.Logger.LoggerTraceListener] [ERR]: 
[2025-10-25T21:12:25.7683357+03:00] [System.Diagnostics.Logger.LoggerTraceListener] [INF]: AccessTools2.Method: Could not find method for type 'TaleWorlds.CampaignSystem.CampaignBehaviors.CampaignBehaviorManager' and name 'OnGameLoaded' and parameters ''
[2025-10-25T21:12:25.9453300+03:00] [MCM.Implementation.DefaultSettingsProvider] [INF]: Found Global container MCM.Implementation.Global.FluentGlobalSettingsContainer (0)
[2025-10-25T21:12:25.9463174+03:00] [MCM.Implementation.DefaultSettingsProvider] [INF]: Found Global container MCM.Implementation.Global.ExternalGlobalSettingsContainer (0)
[2025-10-25T21:12:25.9503367+03:00] [MCM.Implementation.DefaultSettingsProvider] [INF]: Found Global container MCM.Implementation.Global.GlobalSettingsContainer (2)
[2025-10-25T21:12:25.9523344+03:00] [MCM.Implementation.DefaultSettingsProvider] [INF]: Found Global container MCM.UI.ButterLib.ButterLibSettingsContainer (1)
[2025-10-25T21:12:25.9533308+03:00] [MCM.Implementation.DefaultSettingsProvider] [INF]: Found PerSave container MCM.Implementation.PerSave.FluentPerSaveSettingsContainer (0)
[2025-10-25T21:12:25.9533308+03:00] [MCM.Implementation.DefaultSettingsProvider] [INF]: Found PerSave container MCM.Implementation.PerSave.PerSaveSettingsContainer (0)
[2025-10-25T21:12:25.9533308+03:00] [MCM.Implementation.DefaultSettingsProvider] [INF]: Found Campaign container MCM.Implementation.PerCampaign.FluentPerCampaignSettingsContainer (0)
[2025-10-25T21:12:25.9543367+03:00] [MCM.Implementation.DefaultSettingsProvider] [INF]: Found Campaign container MCM.Implementation.PerCampaign.PerCampaignSettingsContainer (0)
[2025-10-25T21:12:25.9543367+03:00] [MCM.Implementation.DefaultSettingsProvider] [INF]: Found external provider MCM.UI.Adapter.MCMv5.Providers.MCMv5ExternalSettingsProvider (0)
[2025-10-25T21:12:25.9553342+03:00] [System.Diagnostics.Logger.LoggerTraceListener] [INF]: 
[2025-10-25T21:12:25.9553342+03:00] [System.Diagnostics.Logger.LoggerTraceListener] [INF]: MCM.UI - Register: MCMv5.UI, Version=5.10.1.0, Culture=neutral, PublicKeyToken=null
[2025-10-25T21:12:25.9566606+03:00] [System.Diagnostics.Logger.LoggerTraceListener] [INF]: 
[2025-10-25T21:12:25.9566606+03:00] [System.Diagnostics.Logger.LoggerTraceListener] [INF]: MCM.UI - Register Types
[2025-10-25T21:12:25.9796638+03:00] [System.Diagnostics.Logger.LoggerTraceListener] [INF]: 
[2025-10-25T21:12:25.9796638+03:00] [System.Diagnostics.Logger.LoggerTraceListener] [INF]: MCM.UI - Enabled
[2025-10-25T21:12:31.0515371+03:00] [Bannerlord.ButterLib.ButterLibSubModule] [INF]: Created GameScope
