[2025-10-25T20:52:41.6092442+03:00] [Diplomacy.SubModule] [INF]: Loading Diplomacy v1.2.13...
[2025-10-25T20:52:41.6162432+03:00] [Diplomacy.PatchTools.PatchManager] [DBG]: Applying unannotated Harmony patches (domain: bannerlord.diplomacy)...
[2025-10-25T20:52:41.6222432+03:00] [Diplomacy.PatchTools.PatchManager] [DBG]: Applying: Postfix patch of CalculateInfluenceChange in type DefaultClanPoliticsModel (TaleWorlds.CampaignSystem.GameComponents.DefaultClanPoliticsModel)
[2025-10-25T20:52:41.6242432+03:00] [Diplomacy.PatchTools.PatchManager] [DBG]: Applying: Prefix patch of ConsiderWar in type DiplomaticBartersBehavior (TaleWorlds.CampaignSystem.CampaignBehaviors.BarterBehaviors.DiplomaticBartersBehavior)
[2025-10-25T20:52:41.6262431+03:00] [Diplomacy.PatchTools.PatchManager] [DBG]: Applying: Postfix patch of siege_aftermath_contextual_summary_on_init in type SiegeAftermathCampaignBehavior (TaleWorlds.CampaignSystem.CampaignBehaviors.SiegeAftermathCampaignBehavior)
[2025-10-25T20:52:41.6292431+03:00] [Diplomacy.PatchTools.PatchManager] [DBG]: Applying: Prefix patch of ConsiderWar in type KingdomDecisionProposalBehavior (TaleWorlds.CampaignSystem.CampaignBehaviors.KingdomDecisionProposalBehavior)
[2025-10-25T20:52:41.6312432+03:00] [Diplomacy.PatchTools.PatchManager] [DBG]: Applying: Prefix patch of ConsiderPeace in type KingdomDecisionProposalBehavior (TaleWorlds.CampaignSystem.CampaignBehaviors.KingdomDecisionProposalBehavior)
[2025-10-25T20:52:41.6422459+03:00] [Diplomacy.PatchTools.PatchManager] [DBG]: Applying: Prefix patch of DailyTickClan in type KingdomDecisionProposalBehavior (TaleWorlds.CampaignSystem.CampaignBehaviors.KingdomDecisionProposalBehavior)
[2025-10-25T20:52:41.6552482+03:00] [Diplomacy.PatchTools.PatchManager] [DBG]: Applying: Postfix patch of MainStoryLineChosen in type SupportKingdomQuest (StoryMode.Quests.FirstPhase.SupportKingdomQuest)
[2025-10-25T20:52:41.6572453+03:00] [Diplomacy.PatchTools.PatchManager] [DBG]: Applying: Prefix patch of DeclareAlliance in type FactionManager (TaleWorlds.CampaignSystem.FactionManager)
[2025-10-25T20:52:41.6582865+03:00] [Diplomacy.PatchTools.PatchManager] [DBG]: Applying: Postfix patch of InitializeListItems in type DefaultEncyclopediaFactionPage (TaleWorlds.CampaignSystem.Encyclopedia.Pages.DefaultEncyclopediaFactionPage)
[2025-10-25T20:52:41.6593314+03:00] [Diplomacy.PatchTools.PatchManager] [DBG]: Applying: Postfix patch of OnFinalize in type KingdomManagementVM (TaleWorlds.CampaignSystem.ViewModelCollection.KingdomManagement.KingdomManagementVM)
[2025-10-25T20:52:41.6602882+03:00] [Diplomacy.PatchTools.PatchManager] [DBG]: Applying: Postfix patch of .ctor in type GauntletBannerEditorScreen (SandBox.GauntletUI.BannerEditor.GauntletBannerEditorScreen)
[2025-10-25T20:52:41.6642463+03:00] [Diplomacy.PatchTools.PatchManager] [DBG]: Applying: Prefix patch of OnDone in type GauntletBannerEditorScreen (SandBox.GauntletUI.BannerEditor.GauntletBannerEditorScreen)
[2025-10-25T20:52:41.6662868+03:00] [Diplomacy.PatchTools.PatchManager] [DBG]: Applying: Prefix patch of ApplyChosenOutcome in type MakePeaceKingdomDecision (TaleWorlds.CampaignSystem.Election.MakePeaceKingdomDecision)
[2025-10-25T20:52:41.6672439+03:00] [Diplomacy.PatchTools.PatchManager] [DBG]: Applied 13 patches of 10 patch classes (domain: bannerlord.diplomacy)..
[2025-10-25T20:54:25.1759188+03:00] [Diplomacy.SubModule] [INF]: Loading Diplomacy v1.2.13...
[2025-10-25T20:54:25.1809184+03:00] [Diplomacy.PatchTools.PatchManager] [DBG]: Applying unannotated Harmony patches (domain: bannerlord.diplomacy)...
[2025-10-25T20:54:25.1869188+03:00] [Diplomacy.PatchTools.PatchManager] [DBG]: Applying: Postfix patch of CalculateInfluenceChange in type DefaultClanPoliticsModel (TaleWorlds.CampaignSystem.GameComponents.DefaultClanPoliticsModel)
[2025-10-25T20:54:25.1889561+03:00] [Diplomacy.PatchTools.PatchManager] [DBG]: Applying: Prefix patch of ConsiderWar in type DiplomaticBartersBehavior (TaleWorlds.CampaignSystem.CampaignBehaviors.BarterBehaviors.DiplomaticBartersBehavior)
[2025-10-25T20:54:25.1899202+03:00] [Diplomacy.PatchTools.PatchManager] [DBG]: Applying: Postfix patch of siege_aftermath_contextual_summary_on_init in type SiegeAftermathCampaignBehavior (TaleWorlds.CampaignSystem.CampaignBehaviors.SiegeAftermathCampaignBehavior)
[2025-10-25T20:54:25.1929203+03:00] [Diplomacy.PatchTools.PatchManager] [DBG]: Applying: Prefix patch of ConsiderWar in type KingdomDecisionProposalBehavior (TaleWorlds.CampaignSystem.CampaignBehaviors.KingdomDecisionProposalBehavior)
[2025-10-25T20:54:25.1949205+03:00] [Diplomacy.PatchTools.PatchManager] [DBG]: Applying: Prefix patch of ConsiderPeace in type KingdomDecisionProposalBehavior (TaleWorlds.CampaignSystem.CampaignBehaviors.KingdomDecisionProposalBehavior)
[2025-10-25T20:54:25.2019205+03:00] [Diplomacy.PatchTools.PatchManager] [DBG]: Applying: Prefix patch of DailyTickClan in type KingdomDecisionProposalBehavior (TaleWorlds.CampaignSystem.CampaignBehaviors.KingdomDecisionProposalBehavior)
[2025-10-25T20:54:25.2089188+03:00] [Diplomacy.PatchTools.PatchManager] [DBG]: Applying: Postfix patch of MainStoryLineChosen in type SupportKingdomQuest (StoryMode.Quests.FirstPhase.SupportKingdomQuest)
[2025-10-25T20:54:25.2099185+03:00] [Diplomacy.PatchTools.PatchManager] [DBG]: Applying: Prefix patch of DeclareAlliance in type FactionManager (TaleWorlds.CampaignSystem.FactionManager)
[2025-10-25T20:54:25.2109184+03:00] [Diplomacy.PatchTools.PatchManager] [DBG]: Applying: Postfix patch of InitializeListItems in type DefaultEncyclopediaFactionPage (TaleWorlds.CampaignSystem.Encyclopedia.Pages.DefaultEncyclopediaFactionPage)
[2025-10-25T20:54:25.2119184+03:00] [Diplomacy.PatchTools.PatchManager] [DBG]: Applying: Postfix patch of OnFinalize in type KingdomManagementVM (TaleWorlds.CampaignSystem.ViewModelCollection.KingdomManagement.KingdomManagementVM)
[2025-10-25T20:54:25.2129185+03:00] [Diplomacy.PatchTools.PatchManager] [DBG]: Applying: Postfix patch of .ctor in type GauntletBannerEditorScreen (SandBox.GauntletUI.BannerEditor.GauntletBannerEditorScreen)
[2025-10-25T20:54:25.2149184+03:00] [Diplomacy.PatchTools.PatchManager] [DBG]: Applying: Prefix patch of OnDone in type GauntletBannerEditorScreen (SandBox.GauntletUI.BannerEditor.GauntletBannerEditorScreen)
[2025-10-25T20:54:25.2159184+03:00] [Diplomacy.PatchTools.PatchManager] [DBG]: Applying: Prefix patch of ApplyChosenOutcome in type MakePeaceKingdomDecision (TaleWorlds.CampaignSystem.Election.MakePeaceKingdomDecision)
[2025-10-25T20:54:25.2179189+03:00] [Diplomacy.PatchTools.PatchManager] [DBG]: Applied 13 patches of 10 patch classes (domain: bannerlord.diplomacy)..
[2025-10-25T20:54:41.8221106+03:00] [Diplomacy.SubModule] [INF]: Loaded Diplomacy v1.2.13!
[2025-10-25T20:55:06.0469389+03:00] [Diplomacy.PatchTools.PatchManager] [DBG]: Applying unannotated Harmony patches (domain: bannerlord.diplomacy.campaign)...
[2025-10-25T20:55:06.0479440+03:00] [Diplomacy.PatchTools.PatchManager] [DBG]: Applying: Postfix patch of conversation_lord_request_mission_ask_on_condition in type LordConversationsCampaignBehavior (TaleWorlds.CampaignSystem.CampaignBehaviors.LordConversationsCampaignBehavior)
[2025-10-25T20:55:06.0539214+03:00] [Diplomacy.PatchTools.PatchManager] [DBG]: Applying: Postfix patch of conversation_player_wants_to_make_peace_on_condition in type LordConversationsCampaignBehavior (TaleWorlds.CampaignSystem.CampaignBehaviors.LordConversationsCampaignBehavior)
[2025-10-25T20:55:06.0549304+03:00] [Diplomacy.PatchTools.PatchManager] [DBG]: Applying: Postfix patch of conversation_player_want_to_join_faction_as_mercenary_or_vassal_on_condition in type LordConversationsCampaignBehavior (TaleWorlds.CampaignSystem.CampaignBehaviors.LordConversationsCampaignBehavior)
[2025-10-25T20:55:06.0569289+03:00] [Diplomacy.PatchTools.PatchManager] [DBG]: Applying: Postfix patch of conversation_player_threats_lord_verify_on_condition in type LordConversationsCampaignBehavior (TaleWorlds.CampaignSystem.CampaignBehaviors.LordConversationsCampaignBehavior)
[2025-10-25T20:55:06.0589301+03:00] [Diplomacy.PatchTools.PatchManager] [DBG]: Applying: Postfix patch of village_farmer_loot_on_condition in type VillagerCampaignBehavior (TaleWorlds.CampaignSystem.CampaignBehaviors.VillagerCampaignBehavior)
[2025-10-25T20:55:06.0599267+03:00] [Diplomacy.PatchTools.PatchManager] [DBG]: Applying: Postfix patch of caravan_loot_on_condition in type CaravansCampaignBehavior (TaleWorlds.CampaignSystem.CampaignBehaviors.CaravansCampaignBehavior)
[2025-10-25T20:55:06.0609300+03:00] [Diplomacy.PatchTools.PatchManager] [DBG]: Applying: Postfix patch of game_menu_village_hostile_action_on_condition in type VillageHostileActionCampaignBehavior (TaleWorlds.CampaignSystem.CampaignBehaviors.VillageHostileActionCampaignBehavior)
[2025-10-25T20:55:06.0619300+03:00] [Diplomacy.PatchTools.PatchManager] [DBG]: Applying: Prefix patch of AbdicateTheThrone in type KingdomManager (TaleWorlds.CampaignSystem.KingdomManager)
[2025-10-25T20:55:06.0648914+03:00] [Diplomacy.PatchTools.PatchManager] [DBG]: Applied 8 patches of 1 patch classes (domain: bannerlord.diplomacy.campaign)..
[2025-10-25T20:55:06.0718902+03:00] [Diplomacy.SubModule] [DBG]: Campaign session started.
[2025-10-25T20:59:23.1251301+03:00] [Diplomacy.CampaignBehaviors.DiplomaticAgreementBehavior] [VRB]: [Зима, 10 день, 1108 год] Северная империя decided to form a NAP with Стургия.
[2025-10-25T20:59:23.1281744+03:00] [Diplomacy.DiplomaticAction.NonAggressionPact.FormNonAggressionPactAction] [VRB]: [Зима, 10 день, 1108 год] Северная империя secured a NAP with Стургия.
[2025-10-25T20:59:25.8990850+03:00] [Diplomacy.DiplomaticAction.Alliance.DeclareAllianceAction] [VRB]: [Зима, 10 день, 1108 год] Западная империя secured an alliance with Стургия.
[2025-10-25T20:59:25.9020812+03:00] [Diplomacy.CampaignBehaviors.CooldownBehavior] [VRB]: [Зима, 10 день, 1108 год] Западная империя got an alliance formation cooldown with Стургия.
[2025-10-25T21:07:23.7248183+03:00] [Diplomacy.CampaignBehaviors.CooldownBehavior] [VRB]: [Зима, 11 день, 1108 год] Britain got a war declaration cooldown with Северная империя.
[2025-10-25T21:07:23.7518181+03:00] [Diplomacy.DiplomaticAction.WarPeace.KingdomPeaceAction] [VRB]: [Зима, 11 день, 1108 год] Britain secured peace with Северная империя (cost: 500 gold and 2000 influence). They pledged to pay daily tribute of 6470 gold.
[2025-10-25T21:09:29.1126481+03:00] [Diplomacy.SubModule] [DBG]: Campaign session ended.
[2025-10-25T21:09:31.1501850+03:00] [Diplomacy.SubModule] [DBG]: Campaign session started.
[2025-10-25T21:10:09.3392136+03:00] [Diplomacy.SubModule] [DBG]: Campaign session ended.
[2025-10-25T21:10:09.5142089+03:00] [Diplomacy.SubModule] [INF]: Unloaded Diplomacy v1.2.13!
[2025-10-25T21:10:53.4522374+03:00] [Diplomacy.SubModule] [INF]: Loading Diplomacy v1.2.13...
[2025-10-25T21:10:53.4572362+03:00] [Diplomacy.PatchTools.PatchManager] [DBG]: Applying unannotated Harmony patches (domain: bannerlord.diplomacy)...
[2025-10-25T21:10:53.4632370+03:00] [Diplomacy.PatchTools.PatchManager] [DBG]: Applying: Postfix patch of CalculateInfluenceChange in type DefaultClanPoliticsModel (TaleWorlds.CampaignSystem.GameComponents.DefaultClanPoliticsModel)
[2025-10-25T21:10:53.4732365+03:00] [Diplomacy.PatchTools.PatchManager] [DBG]: Applying: Prefix patch of ConsiderWar in type DiplomaticBartersBehavior (TaleWorlds.CampaignSystem.CampaignBehaviors.BarterBehaviors.DiplomaticBartersBehavior)
[2025-10-25T21:10:53.4742367+03:00] [Diplomacy.PatchTools.PatchManager] [DBG]: Applying: Postfix patch of siege_aftermath_contextual_summary_on_init in type SiegeAftermathCampaignBehavior (TaleWorlds.CampaignSystem.CampaignBehaviors.SiegeAftermathCampaignBehavior)
[2025-10-25T21:10:53.4772363+03:00] [Diplomacy.PatchTools.PatchManager] [DBG]: Applying: Prefix patch of ConsiderWar in type KingdomDecisionProposalBehavior (TaleWorlds.CampaignSystem.CampaignBehaviors.KingdomDecisionProposalBehavior)
[2025-10-25T21:10:53.4792791+03:00] [Diplomacy.PatchTools.PatchManager] [DBG]: Applying: Prefix patch of ConsiderPeace in type KingdomDecisionProposalBehavior (TaleWorlds.CampaignSystem.CampaignBehaviors.KingdomDecisionProposalBehavior)
[2025-10-25T21:10:53.4852361+03:00] [Diplomacy.PatchTools.PatchManager] [DBG]: Applying: Prefix patch of DailyTickClan in type KingdomDecisionProposalBehavior (TaleWorlds.CampaignSystem.CampaignBehaviors.KingdomDecisionProposalBehavior)
[2025-10-25T21:10:53.4912379+03:00] [Diplomacy.PatchTools.PatchManager] [DBG]: Applying: Postfix patch of MainStoryLineChosen in type SupportKingdomQuest (StoryMode.Quests.FirstPhase.SupportKingdomQuest)
[2025-10-25T21:10:53.4922378+03:00] [Diplomacy.PatchTools.PatchManager] [DBG]: Applying: Prefix patch of DeclareAlliance in type FactionManager (TaleWorlds.CampaignSystem.FactionManager)
[2025-10-25T21:10:53.4932380+03:00] [Diplomacy.PatchTools.PatchManager] [DBG]: Applying: Postfix patch of InitializeListItems in type DefaultEncyclopediaFactionPage (TaleWorlds.CampaignSystem.Encyclopedia.Pages.DefaultEncyclopediaFactionPage)
[2025-10-25T21:10:53.4942378+03:00] [Diplomacy.PatchTools.PatchManager] [DBG]: Applying: Postfix patch of OnFinalize in type KingdomManagementVM (TaleWorlds.CampaignSystem.ViewModelCollection.KingdomManagement.KingdomManagementVM)
[2025-10-25T21:10:53.4952382+03:00] [Diplomacy.PatchTools.PatchManager] [DBG]: Applying: Postfix patch of .ctor in type GauntletBannerEditorScreen (SandBox.GauntletUI.BannerEditor.GauntletBannerEditorScreen)
[2025-10-25T21:10:53.4972363+03:00] [Diplomacy.PatchTools.PatchManager] [DBG]: Applying: Prefix patch of OnDone in type GauntletBannerEditorScreen (SandBox.GauntletUI.BannerEditor.GauntletBannerEditorScreen)
[2025-10-25T21:10:53.4992365+03:00] [Diplomacy.PatchTools.PatchManager] [DBG]: Applying: Prefix patch of ApplyChosenOutcome in type MakePeaceKingdomDecision (TaleWorlds.CampaignSystem.Election.MakePeaceKingdomDecision)
[2025-10-25T21:10:53.5002364+03:00] [Diplomacy.PatchTools.PatchManager] [DBG]: Applied 13 patches of 10 patch classes (domain: bannerlord.diplomacy)..
[2025-10-25T21:11:10.8226905+03:00] [Diplomacy.SubModule] [INF]: Loaded Diplomacy v1.2.13!
[2025-10-25T21:11:23.7158462+03:00] [Diplomacy.PatchTools.PatchManager] [DBG]: Applying unannotated Harmony patches (domain: bannerlord.diplomacy.campaign)...
[2025-10-25T21:11:23.7168455+03:00] [Diplomacy.PatchTools.PatchManager] [DBG]: Applying: Postfix patch of conversation_lord_request_mission_ask_on_condition in type LordConversationsCampaignBehavior (TaleWorlds.CampaignSystem.CampaignBehaviors.LordConversationsCampaignBehavior)
[2025-10-25T21:11:23.7208456+03:00] [Diplomacy.PatchTools.PatchManager] [DBG]: Applying: Postfix patch of conversation_player_wants_to_make_peace_on_condition in type LordConversationsCampaignBehavior (TaleWorlds.CampaignSystem.CampaignBehaviors.LordConversationsCampaignBehavior)
[2025-10-25T21:11:23.7218457+03:00] [Diplomacy.PatchTools.PatchManager] [DBG]: Applying: Postfix patch of conversation_player_want_to_join_faction_as_mercenary_or_vassal_on_condition in type LordConversationsCampaignBehavior (TaleWorlds.CampaignSystem.CampaignBehaviors.LordConversationsCampaignBehavior)
[2025-10-25T21:11:23.7238456+03:00] [Diplomacy.PatchTools.PatchManager] [DBG]: Applying: Postfix patch of conversation_player_threats_lord_verify_on_condition in type LordConversationsCampaignBehavior (TaleWorlds.CampaignSystem.CampaignBehaviors.LordConversationsCampaignBehavior)
[2025-10-25T21:11:23.7248448+03:00] [Diplomacy.PatchTools.PatchManager] [DBG]: Applying: Postfix patch of village_farmer_loot_on_condition in type VillagerCampaignBehavior (TaleWorlds.CampaignSystem.CampaignBehaviors.VillagerCampaignBehavior)
[2025-10-25T21:11:23.7258457+03:00] [Diplomacy.PatchTools.PatchManager] [DBG]: Applying: Postfix patch of caravan_loot_on_condition in type CaravansCampaignBehavior (TaleWorlds.CampaignSystem.CampaignBehaviors.CaravansCampaignBehavior)
[2025-10-25T21:11:23.7268458+03:00] [Diplomacy.PatchTools.PatchManager] [DBG]: Applying: Postfix patch of game_menu_village_hostile_action_on_condition in type VillageHostileActionCampaignBehavior (TaleWorlds.CampaignSystem.CampaignBehaviors.VillageHostileActionCampaignBehavior)
[2025-10-25T21:11:23.7278455+03:00] [Diplomacy.PatchTools.PatchManager] [DBG]: Applying: Prefix patch of AbdicateTheThrone in type KingdomManager (TaleWorlds.CampaignSystem.KingdomManager)
[2025-10-25T21:11:23.7408456+03:00] [Diplomacy.PatchTools.PatchManager] [DBG]: Applied 8 patches of 1 patch classes (domain: bannerlord.diplomacy.campaign)..
[2025-10-25T21:11:23.7458456+03:00] [Diplomacy.SubModule] [DBG]: Campaign session started.
[2025-10-25T21:11:47.9992828+03:00] [Diplomacy.SubModule] [DBG]: Campaign session ended.
[2025-10-25T21:11:50.7316284+03:00] [Diplomacy.SubModule] [INF]: Unloaded Diplomacy v1.2.13!
